TN:
SF:src/api/bootstrap.ts
FN:11,isString
FN:15,isNonEmptyString
FN:19,isValidRole
FN:23,parseUser
FN:39,parseRestaurant
FN:63,validateBootstrapResponse
FN:86,fetchBootstrap
FNF:7
FNH:7
FNDA:149,isString
FNDA:82,isNonEmptyString
FNDA:17,isValidRole
FNDA:25,parseUser
FNDA:18,parseRestaurant
FNDA:30,validateBootstrapResponse
FNDA:4,fetchBootstrap
DA:9,1
DA:12,149
DA:16,82
DA:20,17
DA:24,25
DA:25,2
DA:27,23
DA:28,23
DA:29,21
DA:30,20
DA:31,20
DA:40,18
DA:41,0
DA:43,18
DA:44,18
DA:45,17
DA:46,17
DA:47,3
DA:49,14
DA:53,2
DA:55,12
DA:64,30
DA:65,3
DA:67,27
DA:69,27
DA:70,2
DA:75,25
DA:77,20
DA:78,2
DA:81,18
DA:83,12
DA:87,4
DA:88,3
LF:33
LH:32
BRDA:16,0,0,82
BRDA:16,0,1,61
BRDA:20,1,0,17
BRDA:20,1,1,16
BRDA:24,2,0,2
BRDA:24,2,1,23
BRDA:24,3,0,25
BRDA:24,3,1,23
BRDA:28,4,0,2
BRDA:28,4,1,21
BRDA:29,5,0,1
BRDA:29,5,1,20
BRDA:30,6,0,0
BRDA:30,6,1,20
BRDA:35,7,0,1
BRDA:35,7,1,19
BRDA:40,8,0,0
BRDA:40,8,1,18
BRDA:40,9,0,18
BRDA:40,9,1,18
BRDA:44,10,0,1
BRDA:44,10,1,17
BRDA:45,11,0,0
BRDA:45,11,1,17
BRDA:46,12,0,3
BRDA:46,12,1,14
BRDA:49,13,0,2
BRDA:49,13,1,12
BRDA:50,14,0,14
BRDA:50,14,1,13
BRDA:64,15,0,3
BRDA:64,15,1,27
BRDA:64,16,0,30
BRDA:64,16,1,29
BRDA:69,17,0,2
BRDA:69,17,1,25
BRDA:77,18,0,2
BRDA:77,18,1,18
BRF:38
BRH:35
end_of_record
TN:
SF:src/api/client.ts
FN:6,(anonymous_0)
FN:17,apiFetch
FN:130,(anonymous_2)
FN:142,(anonymous_3)
FNF:4
FNH:2
FNDA:13,(anonymous_0)
FNDA:14,apiFetch
FNDA:0,(anonymous_2)
FNDA:0,(anonymous_3)
DA:12,13
DA:13,13
DA:21,14
DA:24,14
DA:25,14
DA:30,14
DA:36,14
DA:37,1
DA:41,14
DA:42,14
DA:48,2
DA:56,12
DA:57,1
DA:64,11
DA:65,5
DA:71,6
DA:72,6
DA:73,1
DA:76,5
DA:77,5
DA:79,1
DA:84,2
DA:124,2
DA:131,0
DA:132,0
DA:134,0
DA:143,0
DA:144,0
DA:158,0
LF:29
LH:23
BRDA:9,0,0,8
BRDA:10,1,0,9
BRDA:19,2,0,14
BRDA:36,3,0,1
BRDA:36,3,1,13
BRDA:56,4,0,1
BRDA:56,4,1,11
BRDA:64,5,0,5
BRDA:64,5,1,6
BRDA:72,6,0,1
BRDA:72,6,1,5
BRDA:131,7,0,0
BRDA:131,7,1,0
BRDA:143,8,0,0
BRDA:143,8,1,0
BRF:15
BRH:11
end_of_record
TN:
SF:src/auth/client.ts
FNF:0
FNH:0
DA:6,0
LF:1
LH:0
BRF:0
BRH:0
end_of_record
TN:
SF:src/components/BottomNavigation.tsx
FN:41,BottomNavigation
FN:52,isActive
FN:57,handlePress
FN:74,(anonymous_3)
FN:81,(anonymous_4)
FNF:5
FNH:0
FNDA:0,BottomNavigation
FNDA:0,isActive
FNDA:0,handlePress
FNDA:0,(anonymous_3)
FNDA:0,(anonymous_4)
DA:8,0
DA:20,0
DA:42,0
DA:43,0
DA:44,0
DA:47,0
DA:48,0
DA:49,0
DA:50,0
DA:53,0
DA:54,0
DA:58,0
DA:59,0
DA:61,0
DA:65,0
DA:75,0
DA:76,0
DA:77,0
DA:81,0
DA:107,0
LF:20
LH:0
BRDA:53,0,0,0
BRDA:53,0,1,0
BRDA:54,1,0,0
BRDA:54,1,1,0
BRDA:54,2,0,0
BRDA:54,2,1,0
BRDA:58,3,0,0
BRDA:58,3,1,0
BRDA:76,4,0,0
BRDA:76,4,1,0
BRDA:87,5,0,0
BRDA:87,5,1,0
BRDA:88,6,0,0
BRDA:88,6,1,0
BRDA:98,7,0,0
BRDA:98,7,1,0
BRF:16
BRH:0
end_of_record
TN:
SF:src/components/ErrorScreen.tsx
FN:6,ErrorScreen
FNF:1
FNH:0
FNDA:0,ErrorScreen
DA:15,0
DA:16,0
DA:37,0
LF:3
LH:0
BRDA:22,0,0,0
BRDA:22,0,1,0
BRDA:23,1,0,0
BRDA:23,1,1,0
BRDA:28,2,0,0
BRDA:28,2,1,0
BRF:6
BRH:0
end_of_record
TN:
SF:src/components/LoadingScreen.tsx
FN:5,LoadingScreen
FNF:1
FNH:0
FNDA:0,LoadingScreen
DA:6,0
DA:7,0
DA:15,0
LF:3
LH:0
BRDA:10,0,0,0
BRDA:10,0,1,0
BRF:2
BRH:0
end_of_record
TN:
SF:src/components/MainTabSwipeWrapper.tsx
FN:26,getMainTabIndex
FN:28,(anonymous_1)
FN:35,navigateToMainTab
FN:49,MainTabSwipeWrapper
FN:51,(anonymous_4)
FN:56,(anonymous_5)
FN:64,(anonymous_6)
FN:72,(anonymous_7)
FN:95,(anonymous_8)
FN:103,(anonymous_9)
FNF:10
FNH:0
FNDA:0,getMainTabIndex
FNDA:0,(anonymous_1)
FNDA:0,navigateToMainTab
FNDA:0,MainTabSwipeWrapper
FNDA:0,(anonymous_4)
FNDA:0,(anonymous_5)
FNDA:0,(anonymous_6)
FNDA:0,(anonymous_7)
FNDA:0,(anonymous_8)
FNDA:0,(anonymous_9)
DA:13,0
DA:14,0
DA:15,0
DA:16,0
DA:18,0
DA:27,0
DA:28,0
DA:36,0
DA:37,0
DA:50,0
DA:51,0
DA:52,0
DA:53,0
DA:54,0
DA:56,0
DA:57,0
DA:60,0
DA:65,0
DA:66,0
DA:73,0
DA:74,0
DA:75,0
DA:77,0
DA:80,0
DA:82,0
DA:86,0
DA:89,0
DA:96,0
DA:103,0
DA:107,0
DA:119,0
LF:31
LH:0
BRDA:27,0,0,0
BRDA:27,0,1,0
BRDA:28,1,0,0
BRDA:28,1,1,0
BRDA:36,2,0,0
BRDA:36,2,1,0
BRDA:36,3,0,0
BRDA:36,3,1,0
BRDA:65,4,0,0
BRDA:65,4,1,0
BRDA:73,5,0,0
BRDA:73,5,1,0
BRDA:77,6,0,0
BRDA:77,6,1,0
BRDA:80,7,0,0
BRDA:80,7,1,0
BRDA:82,8,0,0
BRDA:82,8,1,0
BRDA:82,9,0,0
BRDA:82,9,1,0
BRDA:82,9,2,0
BRF:21
BRH:0
end_of_record
TN:
SF:src/components/SwipePager.tsx
FN:52,SwipePager
FN:78,(anonymous_1)
FN:83,(anonymous_2)
FN:101,(anonymous_3)
FN:110,(anonymous_4)
FN:124,(anonymous_5)
FN:143,(anonymous_6)
FN:171,(anonymous_7)
FN:175,(anonymous_8)
FN:181,(anonymous_9)
FN:187,(anonymous_10)
FN:195,(anonymous_11)
FNF:12
FNH:0
FNDA:0,SwipePager
FNDA:0,(anonymous_1)
FNDA:0,(anonymous_2)
FNDA:0,(anonymous_3)
FNDA:0,(anonymous_4)
FNDA:0,(anonymous_5)
FNDA:0,(anonymous_6)
FNDA:0,(anonymous_7)
FNDA:0,(anonymous_8)
FNDA:0,(anonymous_9)
FNDA:0,(anonymous_10)
FNDA:0,(anonymous_11)
DA:25,0
DA:33,0
DA:35,0
DA:37,0
DA:53,0
DA:58,0
DA:59,0
DA:62,0
DA:64,0
DA:66,0
DA:68,0
DA:72,0
DA:73,0
DA:78,0
DA:79,0
DA:80,0
DA:83,0
DA:85,0
DA:86,0
DA:87,0
DA:88,0
DA:91,0
DA:93,0
DA:95,0
DA:97,0
DA:100,0
DA:102,0
DA:103,0
DA:109,0
DA:111,0
DA:112,0
DA:113,0
DA:119,0
DA:125,0
DA:129,0
DA:134,0
DA:138,0
DA:141,0
DA:144,0
DA:146,0
DA:148,0
DA:149,0
DA:152,0
DA:158,0
DA:161,0
DA:163,0
DA:166,0
DA:168,0
DA:171,0
DA:172,0
DA:178,0
DA:179,0
DA:180,0
DA:181,0
DA:182,0
DA:187,0
DA:191,0
DA:196,0
DA:206,0
LF:59
LH:0
BRDA:85,0,0,0
BRDA:85,0,1,0
BRDA:93,1,0,0
BRDA:93,1,1,0
BRDA:112,2,0,0
BRDA:112,2,1,0
BRDA:112,3,0,0
BRDA:112,3,1,0
BRDA:125,4,0,0
BRDA:125,4,1,0
BRDA:134,5,0,0
BRDA:134,5,1,0
BRDA:138,6,0,0
BRDA:138,6,1,0
BRDA:144,7,0,0
BRDA:144,7,1,0
BRDA:148,8,0,0
BRDA:148,8,1,0
BRDA:152,9,0,0
BRDA:152,9,1,0
BRDA:152,9,2,0
BRDA:152,9,3,0
BRDA:152,9,4,0
BRDA:158,10,0,0
BRDA:158,10,1,0
BRDA:163,11,0,0
BRDA:163,11,1,0
BRDA:178,12,0,0
BRDA:178,12,1,0
BRF:29
BRH:0
end_of_record
TN:
SF:src/components/TopHeader.tsx
FN:46,TopHeader
FN:60,(anonymous_1)
FN:62,(anonymous_2)
FN:69,(anonymous_3)
FN:75,(anonymous_4)
FN:98,(anonymous_5)
FN:99,(anonymous_6)
FN:104,(anonymous_7)
FN:111,(anonymous_8)
FN:114,(anonymous_9)
FN:120,(anonymous_10)
FN:125,(anonymous_11)
FN:132,(anonymous_12)
FN:137,(anonymous_13)
FN:146,(anonymous_14)
FN:157,(anonymous_15)
FNF:16
FNH:0
FNDA:0,TopHeader
FNDA:0,(anonymous_1)
FNDA:0,(anonymous_2)
FNDA:0,(anonymous_3)
FNDA:0,(anonymous_4)
FNDA:0,(anonymous_5)
FNDA:0,(anonymous_6)
FNDA:0,(anonymous_7)
FNDA:0,(anonymous_8)
FNDA:0,(anonymous_9)
FNDA:0,(anonymous_10)
FNDA:0,(anonymous_11)
FNDA:0,(anonymous_12)
FNDA:0,(anonymous_13)
FNDA:0,(anonymous_14)
FNDA:0,(anonymous_15)
DA:29,0
DA:35,0
DA:36,0
DA:37,0
DA:38,0
DA:39,0
DA:50,0
DA:51,0
DA:52,0
DA:53,0
DA:54,0
DA:55,0
DA:58,0
DA:60,0
DA:61,0
DA:62,0
DA:63,0
DA:65,0
DA:69,0
DA:70,0
DA:71,0
DA:75,0
DA:76,0
DA:77,0
DA:78,0
DA:80,0
DA:81,0
DA:82,0
DA:87,0
DA:91,0
DA:98,0
DA:99,0
DA:100,0
DA:101,0
DA:102,0
DA:104,0
DA:107,0
DA:108,0
DA:111,0
DA:113,0
DA:114,0
DA:115,0
DA:116,0
DA:117,0
DA:120,0
DA:121,0
DA:122,0
DA:125,0
DA:126,0
DA:127,0
DA:132,0
DA:133,0
DA:134,0
DA:137,0
DA:146,0
DA:154,0
DA:156,0
DA:157,0
DA:161,0
DA:238,0
LF:60
LH:0
BRDA:56,0,0,0
BRDA:56,0,1,0
BRDA:58,1,0,0
BRDA:58,1,1,0
BRDA:63,2,0,0
BRDA:63,2,1,0
BRDA:77,3,0,0
BRDA:77,3,1,0
BRDA:80,4,0,0
BRDA:80,4,1,0
BRDA:83,5,0,0
BRDA:83,5,1,0
BRDA:84,6,0,0
BRDA:84,6,1,0
BRDA:88,7,0,0
BRDA:88,7,1,0
BRDA:92,8,0,0
BRDA:92,8,1,0
BRDA:93,9,0,0
BRDA:93,9,1,0
BRDA:100,10,0,0
BRDA:100,10,1,0
BRDA:107,11,0,0
BRDA:107,11,1,0
BRDA:113,12,0,0
BRDA:113,12,1,0
BRDA:113,12,2,0
BRDA:166,13,0,0
BRDA:166,13,1,0
BRDA:167,14,0,0
BRDA:167,14,1,0
BRDA:174,15,0,0
BRDA:174,15,1,0
BRDA:178,16,0,0
BRDA:178,16,1,0
BRDA:221,17,0,0
BRDA:221,17,1,0
BRDA:222,18,0,0
BRDA:222,18,1,0
BRDA:223,19,0,0
BRDA:223,19,1,0
BRDA:225,20,0,0
BRDA:225,20,1,0
BRF:43
BRH:0
end_of_record
TN:
SF:src/components/ui.tsx
FN:7,(anonymous_0)
FN:20,(anonymous_1)
FN:41,(anonymous_2)
FNF:3
FNH:0
FNDA:0,(anonymous_0)
FNDA:0,(anonymous_1)
FNDA:0,(anonymous_2)
DA:7,0
DA:8,0
DA:9,0
DA:20,0
DA:21,0
DA:22,0
DA:30,0
DA:41,0
DA:42,0
DA:43,0
DA:61,0
LF:11
LH:0
BRDA:41,0,0,0
BRF:1
BRH:0
end_of_record
TN:
SF:src/config/index.ts
FNF:0
FNH:0
DA:1,8
DA:2,8
DA:4,8
DA:5,1
DA:11,7
LF:5
LH:5
BRDA:4,0,0,1
BRDA:4,0,1,7
BRDA:4,1,0,8
BRDA:4,1,1,3
BRDA:14,2,0,5
BRDA:14,2,1,2
BRF:6
BRH:6
end_of_record
TN:
SF:src/constants/colors.ts
FNF:0
FNH:0
DA:4,0
DA:53,0
DA:54,0
DA:55,0
LF:4
LH:0
BRF:0
BRH:0
end_of_record
TN:
SF:src/hooks/use-icon-fonts.ts
FN:39,(anonymous_0)
FN:42,(anonymous_1)
FN:44,(anonymous_2)
FN:47,(anonymous_3)
FNF:4
FNH:0
FNDA:0,(anonymous_0)
FNDA:0,(anonymous_1)
FNDA:0,(anonymous_2)
FNDA:0,(anonymous_3)
DA:12,0
DA:15,0
DA:39,0
DA:40,0
DA:42,0
DA:43,0
DA:44,0
DA:47,0
DA:48,0
LF:9
LH:0
BRDA:49,0,0,0
BRDA:49,0,1,0
BRF:2
BRH:0
end_of_record
TN:
SF:src/hooks/useColors.ts
FN:3,useColors
FNF:1
FNH:0
FNDA:0,useColors
DA:4,0
LF:1
LH:0
BRF:0
BRH:0
end_of_record
TN:
SF:src/providers/AppContext.ts
FNF:0
FNH:0
DA:26,0
LF:1
LH:0
BRF:0
BRH:0
end_of_record
TN:
SF:src/providers/AppProvider.tsx
FN:6,AppProvider
FN:13,useApp
FN:36,DemoAppProvider
FN:38,(anonymous_3)
FN:43,(anonymous_4)
FN:44,(anonymous_5)
FN:45,(anonymous_6)
FN:46,(anonymous_7)
FN:47,(anonymous_8)
FNF:9
FNH:0
FNDA:0,AppProvider
FNDA:0,useApp
FNDA:0,DemoAppProvider
FNDA:0,(anonymous_3)
FNDA:0,(anonymous_4)
FNDA:0,(anonymous_5)
FNDA:0,(anonymous_6)
FNDA:0,(anonymous_7)
FNDA:0,(anonymous_8)
DA:7,0
DA:8,0
DA:10,0
DA:14,0
DA:15,0
DA:16,0
DA:19,0
DA:37,0
DA:38,0
DA:52,0
LF:10
LH:0
BRDA:7,0,0,0
BRDA:7,0,1,0
BRDA:15,1,0,0
BRDA:15,1,1,0
BRF:4
BRH:0
end_of_record
TN:
SF:src/providers/NormalAppProvider.tsx
FN:20,NormalAppProvider
FN:35,(anonymous_1)
FN:52,(anonymous_2)
FN:67,(anonymous_3)
FN:91,(anonymous_4)
FN:112,(anonymous_5)
FN:132,(anonymous_6)
FN:134,(anonymous_7)
FN:142,(anonymous_8)
FN:147,(anonymous_9)
FN:156,(anonymous_10)
FN:161,(anonymous_11)
FNF:12
FNH:0
FNDA:0,NormalAppProvider
FNDA:0,(anonymous_1)
FNDA:0,(anonymous_2)
FNDA:0,(anonymous_3)
FNDA:0,(anonymous_4)
FNDA:0,(anonymous_5)
FNDA:0,(anonymous_6)
FNDA:0,(anonymous_7)
FNDA:0,(anonymous_8)
FNDA:0,(anonymous_9)
FNDA:0,(anonymous_10)
FNDA:0,(anonymous_11)
DA:21,0
DA:23,0
DA:25,0
DA:26,0
DA:27,0
DA:28,0
DA:29,0
DA:32,0
DA:34,0
DA:36,0
DA:37,0
DA:39,0
DA:40,0
DA:41,0
DA:44,0
DA:45,0
DA:46,0
DA:47,0
DA:48,0
DA:51,0
DA:52,0
DA:53,0
DA:54,0
DA:55,0
DA:58,0
DA:62,0
DA:67,0
DA:68,0
DA:69,0
DA:70,0
DA:71,0
DA:72,0
DA:73,0
DA:74,0
DA:76,0
DA:78,0
DA:80,0
DA:81,0
DA:86,0
DA:91,0
DA:92,0
DA:95,0
DA:97,0
DA:99,0
DA:100,0
DA:101,0
DA:102,0
DA:103,0
DA:104,0
DA:105,0
DA:106,0
DA:107,0
DA:108,0
DA:112,0
DA:113,0
DA:114,0
DA:115,0
DA:116,0
DA:117,0
DA:118,0
DA:119,0
DA:120,0
DA:131,0
DA:133,0
DA:134,0
DA:135,0
DA:136,0
DA:137,0
DA:142,0
DA:143,0
DA:144,0
DA:147,0
DA:148,0
DA:149,0
DA:150,0
DA:151,0
DA:152,0
DA:153,0
DA:156,0
DA:157,0
DA:160,0
DA:161,0
DA:184,0
LF:83
LH:0
BRDA:39,0,0,0
BRDA:39,0,1,0
BRDA:44,1,0,0
BRDA:44,1,1,0
BRDA:51,2,0,0
BRDA:51,2,1,0
BRDA:53,3,0,0
BRDA:53,3,1,0
BRDA:76,4,0,0
BRDA:76,4,1,0
BRDA:76,5,0,0
BRDA:76,5,1,0
BRDA:82,6,0,0
BRDA:82,6,1,0
BRDA:92,7,0,0
BRDA:92,7,1,0
BRDA:99,8,0,0
BRDA:99,8,1,0
BRDA:99,9,0,0
BRDA:99,9,1,0
BRDA:102,10,0,0
BRDA:102,10,1,0
BRDA:113,11,0,0
BRDA:113,11,1,0
BRDA:114,12,0,0
BRDA:114,12,1,0
BRDA:115,13,0,0
BRDA:115,13,1,0
BRDA:116,14,0,0
BRDA:116,14,1,0
BRDA:117,15,0,0
BRDA:117,15,1,0
BRDA:117,16,0,0
BRDA:117,16,1,0
BRDA:118,17,0,0
BRDA:118,17,1,0
BRDA:119,18,0,0
BRDA:119,18,1,0
BRDA:133,19,0,0
BRDA:133,19,1,0
BRDA:135,20,0,0
BRDA:135,20,1,0
BRF:42
BRH:0
end_of_record
TN:
SF:src/providers/ScrollHeaderProvider.tsx
FN:15,ScrollHeaderProvider
FN:19,(anonymous_1)
FN:24,(anonymous_2)
FN:37,useScrollHeader
FNF:4
FNH:0
FNDA:0,ScrollHeaderProvider
FNDA:0,(anonymous_1)
FNDA:0,(anonymous_2)
FNDA:0,useScrollHeader
DA:13,0
DA:16,0
DA:17,0
DA:19,0
DA:20,0
DA:23,0
DA:25,0
DA:30,0
DA:38,0
DA:39,0
DA:40,0
LF:11
LH:0
BRDA:25,0,0,0
BRDA:25,0,1,0
BRDA:39,1,0,0
BRDA:39,1,1,0
BRF:4
BRH:0
end_of_record
TN:
SF:src/providers/ThemeProvider.tsx
FN:68,isThemePreference
FN:72,ThemeProvider
FN:77,(anonymous_2)
FN:80,(anonymous_3)
FN:87,(anonymous_4)
FN:92,(anonymous_5)
FN:105,(anonymous_6)
FN:118,useTheme
FNF:8
FNH:0
FNDA:0,isThemePreference
FNDA:0,ThemeProvider
FNDA:0,(anonymous_2)
FNDA:0,(anonymous_3)
FNDA:0,(anonymous_4)
FNDA:0,(anonymous_5)
FNDA:0,(anonymous_6)
FNDA:0,useTheme
DA:29,0
DA:31,0
DA:66,0
DA:69,0
DA:73,0
DA:74,0
DA:75,0
DA:77,0
DA:78,0
DA:80,0
DA:81,0
DA:82,0
DA:84,0
DA:87,0
DA:88,0
DA:92,0
DA:93,0
DA:94,0
DA:98,0
DA:104,0
DA:105,0
DA:115,0
DA:119,0
DA:120,0
DA:121,0
DA:123,0
LF:26
LH:0
BRDA:69,0,0,0
BRDA:69,0,1,0
BRDA:69,0,2,0
BRDA:81,1,0,0
BRDA:81,1,1,0
BRDA:81,2,0,0
BRDA:81,2,1,0
BRDA:84,3,0,0
BRDA:84,3,1,0
BRDA:98,4,0,0
BRDA:98,4,1,0
BRDA:99,5,0,0
BRDA:99,5,1,0
BRDA:120,6,0,0
BRDA:120,6,1,0
BRF:15
BRH:0
end_of_record
TN:
SF:src/storage/restaurant.ts
FN:5,getStoredRestaurantId
FN:13,storeRestaurantId
FN:17,clearStoredRestaurantId
FNF:3
FNH:3
FNDA:6,getStoredRestaurantId
FNDA:5,storeRestaurantId
FNDA:3,clearStoredRestaurantId
DA:3,1
DA:6,6
DA:7,6
DA:9,1
DA:14,5
DA:18,3
DA:19,3
LF:7
LH:7
BRF:0
BRH:0
end_of_record
TN:
SF:src/types/booking.ts
FNF:0
FNH:0
LF:0
LH:0
BRF:0
BRH:0
end_of_record
TN:
SF:src/types/bootstrap.ts
FNF:0
FNH:0
LF:0
LH:0
BRF:0
BRH:0
end_of_record
TN:
SF:src/utils/storage/index.ts
FN:28,(anonymous_0)
FN:41,(anonymous_1)
FN:54,(anonymous_2)
FN:66,(anonymous_3)
FN:79,(anonymous_4)
FN:92,(anonymous_5)
FNF:6
FNH:0
FNDA:0,(anonymous_0)
FNDA:0,(anonymous_1)
FNDA:0,(anonymous_2)
FNDA:0,(anonymous_3)
FNDA:0,(anonymous_4)
FNDA:0,(anonymous_5)
DA:32,0
DA:33,0
DA:34,0
DA:36,0
DA:37,0
DA:45,0
DA:46,0
DA:47,0
DA:49,0
DA:50,0
DA:55,0
DA:56,0
DA:57,0
DA:59,0
DA:60,0
DA:70,0
DA:71,0
DA:72,0
DA:74,0
DA:75,0
DA:83,0
DA:84,0
DA:85,0
DA:87,0
DA:88,0
DA:93,0
DA:94,0
DA:95,0
DA:97,0
DA:98,0
DA:104,0
LF:31
LH:0
BRF:0
BRH:0
end_of_record
TN:
SF:src/utils/storage/index.web.ts
FN:13,(anonymous_0)
FN:26,(anonymous_1)
FN:39,(anonymous_2)
FN:50,(anonymous_3)
FN:57,(anonymous_4)
FN:64,(anonymous_5)
FNF:6
FNH:0
FNDA:0,(anonymous_0)
FNDA:0,(anonymous_1)
FNDA:0,(anonymous_2)
FNDA:0,(anonymous_3)
FNDA:0,(anonymous_4)
FNDA:0,(anonymous_5)
DA:17,0
DA:18,0
DA:19,0
DA:21,0
DA:22,0
DA:30,0
DA:31,0
DA:32,0
DA:34,0
DA:35,0
DA:40,0
DA:41,0
DA:42,0
DA:44,0
DA:45,0
DA:54,0
DA:61,0
DA:65,0
DA:69,0
LF:19
LH:0
BRF:0
BRH:0
end_of_record
TN:
SF:src/utils/storage/storage-base.ts
FN:17,(anonymous_0)
FN:24,(anonymous_1)
FNF:2
FNH:0
FNDA:0,(anonymous_0)
FNDA:0,(anonymous_1)
DA:18,0
DA:28,0
DA:29,0
DA:30,0
DA:32,0
DA:33,0
LF:6
LH:0
BRDA:28,0,0,0
BRDA:28,0,1,0
BRF:2
BRH:0
end_of_record
